<?xml version="1.0" encoding="UTF-8"?>
<!-- Generated by org.testng.reporters.JUnitReportReporter -->
<testsuite hostname="DESKTOP-EVK9GMC" failures="0" tests="1" name="com.sr.Testscripts.Payamt" time="35.140" errors="0" timestamp="11 Feb 2021 14:56:50 GMT" skipped="0">
  <testcase classname="com.sr.Testscripts.Payamt" name="tc3" time="35.140"/>
</testsuite> <!-- com.sr.Testscripts.Payamt -->
