<?xml version="1.0" encoding="UTF-8"?>
<!-- Generated by org.testng.reporters.JUnitReportReporter -->
<testsuite hostname="DESKTOP-EVK9GMC" failures="0" tests="1" name="com.sr.Testscripts.LikeFb" time="21.642" errors="0" timestamp="11 Feb 2021 14:56:50 GMT" skipped="0">
  <testcase classname="com.sr.Testscripts.LikeFb" name="tc2" time="21.642"/>
</testsuite> <!-- com.sr.Testscripts.LikeFb -->
